Seeding random generator with value 0x9c253733
Or1ksim 2011-08-15
Building automata... done, num uncovered: 0/213.
Parsing operands data... done.
Resetting PIC.
loadcode: filename Example.or32  startaddr=00000000  virtphy_transl=00000000
Not COFF file format
ELF type: 0x0002
ELF machine: 0x005c
ELF version: 0x00000001
ELF sec = 5
Section: .text, vaddr: 0x00000000, paddr: 0x0 offset: 0x00002000, size: 0x00000e10
S 00000100: 18000000 l.movhi r0,0            r0         = 00000000  flag: 0
S 00000104: 18200000 l.movhi r1,0            r1         = 00000000  flag: 0
S 00000108: 18400000 l.movhi r2,0            r2         = 00000000  flag: 0
S 0000010c: 18600000 l.movhi r3,0            r3         = 00000000  flag: 0
S 00000110: 18800000 l.movhi r4,0            r4         = 00000000  flag: 0
S 00000114: b4200011 l.mfspr r1,r0,0x11      r1         = 00008001  flag: 0
S 00000118: a8610006 l.ori   r3,r1,0x6       r3         = 00008007  flag: 0
S 0000011c: c0001811 l.mtspr r0,r3,0x11      SPR[0011]  = 00008007  flag: 0
S 00000120: 20000f0f l.sys   0xf0f                                  flag: 0
S 00000c00: b4200011 l.mfspr r1,r0,0x11      r1         = 00008001  flag: 0
S 00000c04: b4200020 l.mfspr r1,r0,0x20      r1         = 00000124  flag: 0
S 00000c08: b4400040 l.mfspr r2,r0,0x40      r2         = 00008007  flag: 0
S 00000c0c: 18200001 l.movhi r1,0x1          r1         = 00010000  flag: 0
S 00000c10: 18200002 l.movhi r1,0x2          r1         = 00020000  flag: 0
S 00000c14: 18200003 l.movhi r1,0x3          r1         = 00030000  flag: 0
S 00000c18: 24000000 l.rfe                                          flag: 0
S 00000124: b4400011 l.mfspr r2,r0,0x11      r2         = 00008007  flag: 0
S 00000128: 21000000 l.trap  0                                      flag: 0
S 00000e00: b4200011 l.mfspr r1,r0,0x11      r1         = 00008001  flag: 0
S 00000e04: b4200020 l.mfspr r1,r0,0x20      r1         = 00000128  flag: 0
S 00000e08: b4400040 l.mfspr r2,r0,0x40      r2         = 00008007  flag: 0
exit(32775)
@reset : cycles 0, insn #0
@exit  : cycles 21, insn #22
 diff  : cycles 21, insn #22
