Seeding random generator with value 0x4eab90de
Or1ksim 2011-08-15
Building automata... done, num uncovered: 0/213.
Parsing operands data... done.
Resetting PIC.
loadcode: filename Example.or32  startaddr=00000000  virtphy_transl=00000000
Not COFF file format
ELF type: 0x0002
ELF machine: 0x005c
ELF version: 0x00000001
ELF sec = 5
Section: .text, vaddr: 0x00000000, paddr: 0x0 offset: 0x00002000, size: 0x00000190
S 00000100: a4000000 l.andi  r0,r0,0         r0         = 00000000  flag: 0
S 00000104: e020004d l.extwz r1,r0           r1         = 00000000  flag: 0
S 00000108: e040004d l.extwz r2,r0           r2         = 00000000  flag: 0
S 0000010c: e060004d l.extwz r3,r0           r3         = 00000000  flag: 0
S 00000110: e080004d l.extwz r4,r0           r4         = 00000000  flag: 0
S 00000114: e4011000 l.sfeq  r1,r2                                  flag: 1
S 00000118: 0c000100 l.bnf   0x100                                  flag: 1
S 0000011c: 18600001 l.movhi r3,0x1          r3         = 00010000  flag: 1
S 00000120: 18600002 l.movhi r3,0x2          r3         = 00020000  flag: 1
S 00000124: 10000003 l.bf    0x3                                    flag: 1
S 00000128: 18600003 l.movhi r3,0x3          r3         = 00030000  flag: 1
S 00000130: 18600004 l.movhi r3,0x4          r3         = 00040000  flag: 1
S 00000134: 00000003 l.j     0x3                                    flag: 1
S 00000138: 18600005 l.movhi r3,0x5          r3         = 00050000  flag: 1
S 00000140: 18600006 l.movhi r3,0x6          r3         = 00060000  flag: 1
S 00000144: 04000003 l.jal   0x3                                    flag: 1
S 00000148: 18600007 l.movhi r3,0x7          r3         = 00070000  flag: 1
S 00000150: 18600008 l.movhi r3,0x8          r3         = 00080000  flag: 1
S 00000154: e0890004 l.or    r4,r9,r0        r4         = 0000014c  flag: 1
S 00000158: 1880016c l.movhi r4,0x16c        r4         = 016c0000  flag: 1
S 0000015c: b8840050 l.srli  r4,r4,0x10      r4         = 0000016c  flag: 1
S 00000160: 48002000 l.jalr  r4                                     flag: 1
S 00000164: 18600009 l.movhi r3,0x9          r3         = 00090000  flag: 1
S 0000016c: 1860000a l.movhi r3,0xa          r3         = 000a0000  flag: 1
S 00000170: e0890004 l.or    r4,r9,r0        r4         = 00000168  flag: 1
S 00000174: 18800188 l.movhi r4,0x188        r4         = 01880000  flag: 1
S 00000178: b8840050 l.srli  r4,r4,0x10      r4         = 00000188  flag: 1
S 0000017c: 44002000 l.jr    r4                                     flag: 1
S 00000180: 1860000b l.movhi r3,0xb          r3         = 000b0000  flag: 1
S 00000188: 1860000c l.movhi r3,0xc          r3         = 000c0000  flag: 1
exit(786432)
@reset : cycles 0, insn #0
@exit  : cycles 30, insn #31
 diff  : cycles 30, insn #31
