Seeding random generator with value 0x101f6145
Or1ksim 2011-08-15
Building automata... done, num uncovered: 0/213.
Parsing operands data... done.
Resetting PIC.
loadcode: filename Example.or32  startaddr=00000000  virtphy_transl=00000000
Not COFF file format
ELF type: 0x0002
ELF machine: 0x005c
ELF version: 0x00000001
ELF sec = 5
Section: .text, vaddr: 0x00000000, paddr: 0x0 offset: 0x00002000, size: 0x00000608
S 00000100: a4000000 l.andi  r0,r0,0         r0         = 00000000  flag: 0
S 00000104: 18200000 l.movhi r1,0            r1         = 00000000  flag: 0
S 00000108: 18400000 l.movhi r2,0            r2         = 00000000  flag: 0
S 0000010c: 18600000 l.movhi r3,0            r3         = 00000000  flag: 0
S 00000110: 18800000 l.movhi r4,0            r4         = 00000000  flag: 0
S 00000114: 18408483 l.movhi r2,0x8483       r2         = 84830000  flag: 0
S 00000118: a8428281 l.ori   r2,r2,0x8281    r2         = 84838281  flag: 0
S 0000011c: a8600050 l.ori   r3,r0,0x50      r3         = 00000050  flag: 0
S 00000120: d4030000 l.sw    0x0(r3),r0      [00000050] = 00000000  flag: 0
S 00000124: d4030004 l.sw    0x4(r3),r0      [00000054] = 00000000  flag: 0
S 00000128: d4030008 l.sw    0x8(r3),r0      [00000058] = 00000000  flag: 0
S 0000012c: 15000000 l.nop   0                                      flag: 0
S 00000130: 15000000 l.nop   0                                      flag: 0
S 00000134: d8031000 l.sb    0x0(r3),r2      [00000050] = 84838281        flag: 0
S 00000138: 15000000 l.nop   0                                      flag: 0
S 0000013c: 15000000 l.nop   0                                      flag: 0
S 00000140: dc031004 l.sh    0x4(r3),r2      [00000054] = 84838281      flag: 0
S 00000144: d4031008 l.sw    0x8(r3),r2      [00000058] = 84838281  flag: 0
S 00000148: 84830000 l.lwz   r4,0x0(r3)      r4         = 81000000  flag: 0
S 0000014c: 84830004 l.lwz   r4,0x4(r3)      r4         = 82810000  flag: 0
S 00000150: 84830008 l.lwz   r4,0x8(r3)      r4         = 84838281  flag: 0
S 00000154: 15000000 l.nop   0                                      flag: 0
S 00000158: 15000000 l.nop   0                                      flag: 0
S 0000015c: 90830008 l.lbs   r4,0x8(r3)      r4         = ffffff84  flag: 0
S 00000160: 15000000 l.nop   0                                      flag: 0
S 00000164: 15000000 l.nop   0                                      flag: 0
S 00000168: 8c830008 l.lbz   r4,0x8(r3)      r4         = 00000084  flag: 0
S 0000016c: 98830008 l.lhs   r4,0x8(r3)      r4         = ffff8483  flag: 0
S 00000170: 94830008 l.lhz   r4,0x8(r3)      r4         = 00008483  flag: 0
S 00000174: 84830007 l.lwz   r4,0x7(r3)      r4         = 00008483  flag: 0
S 00000600: 1860f0f0 l.movhi r3,0xf0f0       r3         = f0f00000  flag: 0
exit(-252706816)
@reset : cycles 0, insn #0
@exit  : cycles 44, insn #32
 diff  : cycles 44, insn #32
